C:\Program Files (x86)\Microsoft Visual Studio\2019\Community\MSBuild\Microsoft\VC\v160\Microsoft.CppBuild.targets(477,5): warning MSB8004: Output 目录未以斜杠结尾。  此生成实例将添加斜杠，因为必须有这个斜杠才能正确计算 Output 目录。
  64 bit Processing .\ManagementScheduleExample.idl
  ManagementScheduleExample.idl
  64 bit Processing C:\Program Files (x86)\Windows Kits\10\Include\10.0.18362.0\um\oaidl.idl
  oaidl.idl
  64 bit Processing C:\Program Files (x86)\Windows Kits\10\Include\10.0.18362.0\um\objidl.idl
  objidl.idl
  64 bit Processing C:\Program Files (x86)\Windows Kits\10\Include\10.0.18362.0\um\unknwn.idl
  unknwn.idl
  64 bit Processing C:\Program Files (x86)\Windows Kits\10\Include\10.0.18362.0\shared\wtypes.idl
  wtypes.idl
  64 bit Processing C:\Program Files (x86)\Windows Kits\10\Include\10.0.18362.0\shared\wtypesbase.idl
  wtypesbase.idl
  64 bit Processing C:\Program Files (x86)\Windows Kits\10\Include\10.0.18362.0\shared\basetsd.h
  basetsd.h
  64 bit Processing C:\Program Files (x86)\Windows Kits\10\Include\10.0.18362.0\shared\guiddef.h
  guiddef.h
  64 bit Processing C:\Program Files (x86)\Windows Kits\10\Include\10.0.18362.0\um\ocidl.idl
  ocidl.idl
  64 bit Processing C:\Program Files (x86)\Windows Kits\10\Include\10.0.18362.0\um\oleidl.idl
  oleidl.idl
  64 bit Processing C:\Program Files (x86)\Windows Kits\10\Include\10.0.18362.0\um\servprov.idl
  servprov.idl
  64 bit Processing C:\Program Files (x86)\Windows Kits\10\Include\10.0.18362.0\um\urlmon.idl
  urlmon.idl
  64 bit Processing C:\Program Files (x86)\Windows Kits\10\Include\10.0.18362.0\um\msxml.idl
  msxml.idl
  64 bit Processing C:\Program Files (x86)\Windows Kits\10\Include\10.0.18362.0\um\shobjidl.idl
  shobjidl.idl
  64 bit Processing C:\Program Files (x86)\Windows Kits\10\Include\10.0.18362.0\um\docobj.idl
  docobj.idl
  64 bit Processing C:\Program Files (x86)\Windows Kits\10\Include\10.0.18362.0\um\shtypes.idl
  shtypes.idl
  64 bit Processing C:\Program Files (x86)\Windows Kits\10\Include\10.0.18362.0\um\comcat.idl
  comcat.idl
  64 bit Processing C:\Program Files (x86)\Windows Kits\10\Include\10.0.18362.0\um\propidl.idl
  propidl.idl
  64 bit Processing C:\Program Files (x86)\Windows Kits\10\Include\10.0.18362.0\um\prsht.idl
  prsht.idl
  64 bit Processing C:\Program Files (x86)\Windows Kits\10\Include\10.0.18362.0\um\propsys.idl
  propsys.idl
  64 bit Processing C:\Program Files (x86)\Windows Kits\10\Include\10.0.18362.0\um\StructuredQueryCondition.idl
  StructuredQueryCondition.idl
  64 bit Processing C:\Program Files (x86)\Windows Kits\10\Include\10.0.18362.0\um\ObjectArray.idl
  ObjectArray.idl
  64 bit Processing C:\Program Files (x86)\Windows Kits\10\Include\10.0.18362.0\um\shobjidl_core.idl
  shobjidl_core.idl
  64 bit Processing C:\Program Files (x86)\Windows Kits\10\Include\10.0.18362.0\um\oaidl.acf
  oaidl.acf
  64 bit Processing C:\Program Files (x86)\Windows Kits\10\Include\10.0.18362.0\um\ocidl.acf
  ocidl.acf
  pch.cpp
  tinystr.cpp
  tinyxml.cpp
  tinyxmlerror.cpp
  tinyxmlparser.cpp
  Component.cpp
C:\Users\Song Jim\Desktop\CropModelMKS\Sources\Components\Management.Schedule.Example\Core.h(36,13): warning C4244: “return”: 从“double”转换到“T”，可能丢失数据
          with
          [
              T=float
          ]
C:\Users\Song Jim\Desktop\CropModelMKS\Sources\Components\Management.Schedule.Example\Core.h(34): message : 在编译 类 模板 成员函数“T Schedule<T>::Amount(void)”时
          with
          [
              T=float
          ]
C:\Users\Song Jim\Desktop\CropModelMKS\Sources\Components\Management.Schedule.Example\Core.h(71): message : 查看对正在编译的 类 模板 实例化“Schedule<T>”的引用
          with
          [
              T=float
          ]
C:\Users\Song Jim\Desktop\CropModelMKS\Sources\Components\Management.Schedule.Example\Core.h(57): message : 在编译 类 模板 成员函数“Core<float>::Core(ATL::CComDispatchDriver &,ATL::CComDispatchDriver &)”时
C:\Users\Song Jim\Desktop\CropModelMKS\Compile Solution\CropModelMKS\Management_Schedule_Example\Component.h(59): message : 查看对正在编译的函数 模板 实例化“Core<float>::Core(ATL::CComDispatchDriver &,ATL::CComDispatchDriver &)”的引用
C:\Users\Song Jim\Desktop\CropModelMKS\Compile Solution\CropModelMKS\Management_Schedule_Example\Component.h(31): message : 查看对正在编译的 类 模板 实例化“Core<float>”的引用
C:\Users\Song Jim\Desktop\CropModelMKS\Sources\Tools\C++\Converter.h(55,20): warning C4018: “<”: 有符号/无符号不匹配
C:\Users\Song Jim\Desktop\CropModelMKS\Sources\Components\Management.Schedule.Example\Core.h(62): message : 查看对正在编译的函数 模板 实例化“std::vector<int,std::allocator<int>> Convert<int>(const ATL::CComSafeArray<int,3> &)”的引用
C:\Users\Song Jim\Desktop\CropModelMKS\Sources\Tools\C++\Converter.h(43,20): warning C4018: “<”: 有符号/无符号不匹配
C:\Users\Song Jim\Desktop\CropModelMKS\Sources\Tools\C++\Converter.h(89): message : 查看对正在编译的函数 模板 实例化“HRESULT Convert<T,int>(const ATL::CComSafeArray<T,4> &,ATL::CComSafeArray<int,3> &)”的引用
          with
          [
              T=float
          ]
C:\Users\Song Jim\Desktop\CropModelMKS\Sources\Components\Management.Schedule.Example\Core.h(61): message : 查看对正在编译的函数 模板 实例化“HRESULT Inquire<int>(const std::string &,ATL::CComDispatchDriver &,ATL::CComSafeArray<int,3> &)”的引用
  compreg.cpp
  Management_Schedule_Example.cpp
  正在生成代码...
  dllmain.cpp
  ManagementScheduleExample_i.c
    正在创建库 ..\..\..\Platform\Components\Management\Management_Schedule_Example.lib 和对象 ..\..\..\Platform\Components\Management\Management_Schedule_Example.exp
  Management_Schedule_Example.vcxproj -> C:\Users\Song Jim\Desktop\CropModelMKS\Platform\Components\Management\Management_Schedule_Example.dll
