c:\users\song jim\desktop\cropmodelmks\compile solution\cropmodelmks\cropmodelmks_climate_default\x64\release\cropmodelmks_climate_default.pch
c:\users\song jim\desktop\cropmodelmks\compile solution\cropmodelmks\cropmodelmks_climate_default\x64\release\vc142.pdb
c:\users\song jim\desktop\cropmodelmks\compile solution\cropmodelmks\cropmodelmks_climate_default\x64\release\pch.obj
c:\users\song jim\desktop\cropmodelmks\compile solution\cropmodelmks\cropmodelmks_climate_default\x64\release\cropmodelmks_climate_default.obj
c:\users\song jim\desktop\cropmodelmks\compile solution\cropmodelmks\cropmodelmks_climate_default\x64\release\compreg.obj
c:\users\song jim\desktop\cropmodelmks\compile solution\cropmodelmks\cropmodelmks_climate_default\x64\release\component.obj
c:\users\song jim\desktop\cropmodelmks\compile solution\cropmodelmks\cropmodelmks_climate_default\x64\release\tinyxmlparser.obj
c:\users\song jim\desktop\cropmodelmks\compile solution\cropmodelmks\cropmodelmks_climate_default\x64\release\tinyxmlerror.obj
c:\users\song jim\desktop\cropmodelmks\compile solution\cropmodelmks\cropmodelmks_climate_default\x64\release\tinyxml.obj
c:\users\song jim\desktop\cropmodelmks\compile solution\cropmodelmks\cropmodelmks_climate_default\x64\release\tinystr.obj
c:\users\song jim\desktop\cropmodelmks\compile solution\cropmodelmks\cropmodelmks_climate_default\x64\release\cropmodelmksclimatedefault_i.obj
c:\users\song jim\desktop\cropmodelmks\compile solution\cropmodelmks\cropmodelmks_climate_default\x64\release\dllmain.obj
c:\users\song jim\desktop\cropmodelmks\platform\components\climate\cropmodelmks_climate_default.lib
c:\users\song jim\desktop\cropmodelmks\platform\components\climate\cropmodelmks_climate_default.exp
c:\users\song jim\desktop\cropmodelmks\platform\components\climate\cropmodelmks_climate_default.dll
c:\users\song jim\desktop\cropmodelmks\platform\components\climate\cropmodelmks_climate_default.pdb
c:\users\song jim\desktop\cropmodelmks\compile solution\cropmodelmks\cropmodelmks_climate_default\x64\release\cropmodelmksclimatedefault.tlb
c:\users\song jim\desktop\cropmodelmks\compile solution\cropmodelmks\cropmodelmks_climate_default\cropmodelmksclimatedefault_p.c
c:\users\song jim\desktop\cropmodelmks\compile solution\cropmodelmks\cropmodelmks_climate_default\cropmodelmksclimatedefault_i.c
c:\users\song jim\desktop\cropmodelmks\compile solution\cropmodelmks\cropmodelmks_climate_default\cropmodelmksclimatedefault_i.h
c:\users\song jim\desktop\cropmodelmks\compile solution\cropmodelmks\cropmodelmks_climate_default\x64\release\cropmodelmks_climate_default.res
c:\users\song jim\desktop\cropmodelmks\compile solution\cropmodelmks\cropmodelmks_climate_default\x64\release\cropmode.06441f69.tlog\cl.command.1.tlog
c:\users\song jim\desktop\cropmodelmks\compile solution\cropmodelmks\cropmodelmks_climate_default\x64\release\cropmode.06441f69.tlog\cl.read.1.tlog
c:\users\song jim\desktop\cropmodelmks\compile solution\cropmodelmks\cropmodelmks_climate_default\x64\release\cropmode.06441f69.tlog\cl.write.1.tlog
c:\users\song jim\desktop\cropmodelmks\compile solution\cropmodelmks\cropmodelmks_climate_default\x64\release\cropmode.06441f69.tlog\cropmodelmks_climate_default.write.1u.tlog
c:\users\song jim\desktop\cropmodelmks\compile solution\cropmodelmks\cropmodelmks_climate_default\x64\release\cropmode.06441f69.tlog\link.command.1.tlog
c:\users\song jim\desktop\cropmodelmks\compile solution\cropmodelmks\cropmodelmks_climate_default\x64\release\cropmode.06441f69.tlog\link.read.1.tlog
c:\users\song jim\desktop\cropmodelmks\compile solution\cropmodelmks\cropmodelmks_climate_default\x64\release\cropmode.06441f69.tlog\link.write.1.tlog
c:\users\song jim\desktop\cropmodelmks\compile solution\cropmodelmks\cropmodelmks_climate_default\x64\release\cropmode.06441f69.tlog\midl.command.1.tlog
c:\users\song jim\desktop\cropmodelmks\compile solution\cropmodelmks\cropmodelmks_climate_default\x64\release\cropmode.06441f69.tlog\midl.read.1.tlog
c:\users\song jim\desktop\cropmodelmks\compile solution\cropmodelmks\cropmodelmks_climate_default\x64\release\cropmode.06441f69.tlog\midl.write.1.tlog
c:\users\song jim\desktop\cropmodelmks\compile solution\cropmodelmks\cropmodelmks_climate_default\x64\release\cropmode.06441f69.tlog\rc.command.1.tlog
c:\users\song jim\desktop\cropmodelmks\compile solution\cropmodelmks\cropmodelmks_climate_default\x64\release\cropmode.06441f69.tlog\rc.read.1.tlog
c:\users\song jim\desktop\cropmodelmks\compile solution\cropmodelmks\cropmodelmks_climate_default\x64\release\cropmode.06441f69.tlog\rc.write.1.tlog
