c:\users\song jim\desktop\cropmodelmks\compile solution\cropmodelmks\cropmodelmks_plant_none\x64\release\cropmodelmks_plant_none.pch
c:\users\song jim\desktop\cropmodelmks\compile solution\cropmodelmks\cropmodelmks_plant_none\x64\release\vc142.pdb
c:\users\song jim\desktop\cropmodelmks\compile solution\cropmodelmks\cropmodelmks_plant_none\x64\release\pch.obj
c:\users\song jim\desktop\cropmodelmks\compile solution\cropmodelmks\cropmodelmks_plant_none\x64\release\cropmodelmks_plant_none.obj
c:\users\song jim\desktop\cropmodelmks\compile solution\cropmodelmks\cropmodelmks_plant_none\x64\release\compreg.obj
c:\users\song jim\desktop\cropmodelmks\compile solution\cropmodelmks\cropmodelmks_plant_none\x64\release\component.obj
c:\users\song jim\desktop\cropmodelmks\compile solution\cropmodelmks\cropmodelmks_plant_none\x64\release\tinyxmlparser.obj
c:\users\song jim\desktop\cropmodelmks\compile solution\cropmodelmks\cropmodelmks_plant_none\x64\release\tinyxmlerror.obj
c:\users\song jim\desktop\cropmodelmks\compile solution\cropmodelmks\cropmodelmks_plant_none\x64\release\tinyxml.obj
c:\users\song jim\desktop\cropmodelmks\compile solution\cropmodelmks\cropmodelmks_plant_none\x64\release\tinystr.obj
c:\users\song jim\desktop\cropmodelmks\compile solution\cropmodelmks\cropmodelmks_plant_none\x64\release\cropmodelmksplantnone_i.obj
c:\users\song jim\desktop\cropmodelmks\compile solution\cropmodelmks\cropmodelmks_plant_none\x64\release\dllmain.obj
c:\users\song jim\desktop\cropmodelmks\platform\components\plant\cropmodelmks_plant_none.lib
c:\users\song jim\desktop\cropmodelmks\platform\components\plant\cropmodelmks_plant_none.exp
c:\users\song jim\desktop\cropmodelmks\platform\components\plant\cropmodelmks_plant_none.dll
c:\users\song jim\desktop\cropmodelmks\platform\components\plant\cropmodelmks_plant_none.pdb
c:\users\song jim\desktop\cropmodelmks\compile solution\cropmodelmks\cropmodelmks_plant_none\x64\release\cropmodelmksplantnone.tlb
c:\users\song jim\desktop\cropmodelmks\compile solution\cropmodelmks\cropmodelmks_plant_none\cropmodelmksplantnone_p.c
c:\users\song jim\desktop\cropmodelmks\compile solution\cropmodelmks\cropmodelmks_plant_none\cropmodelmksplantnone_i.c
c:\users\song jim\desktop\cropmodelmks\compile solution\cropmodelmks\cropmodelmks_plant_none\cropmodelmksplantnone_i.h
c:\users\song jim\desktop\cropmodelmks\compile solution\cropmodelmks\cropmodelmks_plant_none\x64\release\cropmodelmks_plant_none.res
c:\users\song jim\desktop\cropmodelmks\compile solution\cropmodelmks\cropmodelmks_plant_none\x64\release\cropmode.36e1bf85.tlog\cl.command.1.tlog
c:\users\song jim\desktop\cropmodelmks\compile solution\cropmodelmks\cropmodelmks_plant_none\x64\release\cropmode.36e1bf85.tlog\cl.read.1.tlog
c:\users\song jim\desktop\cropmodelmks\compile solution\cropmodelmks\cropmodelmks_plant_none\x64\release\cropmode.36e1bf85.tlog\cl.write.1.tlog
c:\users\song jim\desktop\cropmodelmks\compile solution\cropmodelmks\cropmodelmks_plant_none\x64\release\cropmode.36e1bf85.tlog\cropmodelmks_plant_none.write.1u.tlog
c:\users\song jim\desktop\cropmodelmks\compile solution\cropmodelmks\cropmodelmks_plant_none\x64\release\cropmode.36e1bf85.tlog\link.command.1.tlog
c:\users\song jim\desktop\cropmodelmks\compile solution\cropmodelmks\cropmodelmks_plant_none\x64\release\cropmode.36e1bf85.tlog\link.read.1.tlog
c:\users\song jim\desktop\cropmodelmks\compile solution\cropmodelmks\cropmodelmks_plant_none\x64\release\cropmode.36e1bf85.tlog\link.write.1.tlog
c:\users\song jim\desktop\cropmodelmks\compile solution\cropmodelmks\cropmodelmks_plant_none\x64\release\cropmode.36e1bf85.tlog\midl.command.1.tlog
c:\users\song jim\desktop\cropmodelmks\compile solution\cropmodelmks\cropmodelmks_plant_none\x64\release\cropmode.36e1bf85.tlog\midl.read.1.tlog
c:\users\song jim\desktop\cropmodelmks\compile solution\cropmodelmks\cropmodelmks_plant_none\x64\release\cropmode.36e1bf85.tlog\midl.write.1.tlog
c:\users\song jim\desktop\cropmodelmks\compile solution\cropmodelmks\cropmodelmks_plant_none\x64\release\cropmode.36e1bf85.tlog\rc.command.1.tlog
c:\users\song jim\desktop\cropmodelmks\compile solution\cropmodelmks\cropmodelmks_plant_none\x64\release\cropmode.36e1bf85.tlog\rc.read.1.tlog
c:\users\song jim\desktop\cropmodelmks\compile solution\cropmodelmks\cropmodelmks_plant_none\x64\release\cropmode.36e1bf85.tlog\rc.write.1.tlog
