c:\users\song jim\desktop\cropmodelmks\compile solution\cropmodelmks\plant_waterdriven_example\x64\release\plant_waterdriven_example.pch
c:\users\song jim\desktop\cropmodelmks\compile solution\cropmodelmks\plant_waterdriven_example\x64\release\vc142.pdb
c:\users\song jim\desktop\cropmodelmks\compile solution\cropmodelmks\plant_waterdriven_example\x64\release\pch.obj
c:\users\song jim\desktop\cropmodelmks\compile solution\cropmodelmks\plant_waterdriven_example\x64\release\plant_waterdriven_example.obj
c:\users\song jim\desktop\cropmodelmks\compile solution\cropmodelmks\plant_waterdriven_example\x64\release\compreg.obj
c:\users\song jim\desktop\cropmodelmks\compile solution\cropmodelmks\plant_waterdriven_example\x64\release\component.obj
c:\users\song jim\desktop\cropmodelmks\compile solution\cropmodelmks\plant_waterdriven_example\x64\release\tinyxmlparser.obj
c:\users\song jim\desktop\cropmodelmks\compile solution\cropmodelmks\plant_waterdriven_example\x64\release\tinyxmlerror.obj
c:\users\song jim\desktop\cropmodelmks\compile solution\cropmodelmks\plant_waterdriven_example\x64\release\tinyxml.obj
c:\users\song jim\desktop\cropmodelmks\compile solution\cropmodelmks\plant_waterdriven_example\x64\release\tinystr.obj
c:\users\song jim\desktop\cropmodelmks\compile solution\cropmodelmks\plant_waterdriven_example\x64\release\dllmain.obj
c:\users\song jim\desktop\cropmodelmks\compile solution\cropmodelmks\plant_waterdriven_example\x64\release\plantwaterdrivenexample_i.obj
c:\users\song jim\desktop\cropmodelmks\platform\components\plant\plant_waterdriven_example.dll
c:\users\song jim\desktop\cropmodelmks\platform\components\plant\plant_waterdriven_example.pdb
c:\users\song jim\desktop\cropmodelmks\compile solution\cropmodelmks\plant_waterdriven_example\x64\release\plantwaterdrivenexample.tlb
c:\users\song jim\desktop\cropmodelmks\compile solution\cropmodelmks\plant_waterdriven_example\plantwaterdrivenexample_p.c
c:\users\song jim\desktop\cropmodelmks\compile solution\cropmodelmks\plant_waterdriven_example\plantwaterdrivenexample_i.c
c:\users\song jim\desktop\cropmodelmks\compile solution\cropmodelmks\plant_waterdriven_example\plantwaterdrivenexample_i.h
c:\users\song jim\desktop\cropmodelmks\platform\components\plant\plant_waterdriven_example.lib
c:\users\song jim\desktop\cropmodelmks\platform\components\plant\plant_waterdriven_example.exp
c:\users\song jim\desktop\cropmodelmks\compile solution\cropmodelmks\plant_waterdriven_example\x64\release\plant_waterdriven_example.res
c:\users\song jim\desktop\cropmodelmks\compile solution\cropmodelmks\plant_waterdriven_example\x64\release\plant_wa.913e1ff4.tlog\cl.command.1.tlog
c:\users\song jim\desktop\cropmodelmks\compile solution\cropmodelmks\plant_waterdriven_example\x64\release\plant_wa.913e1ff4.tlog\cl.read.1.tlog
c:\users\song jim\desktop\cropmodelmks\compile solution\cropmodelmks\plant_waterdriven_example\x64\release\plant_wa.913e1ff4.tlog\cl.write.1.tlog
c:\users\song jim\desktop\cropmodelmks\compile solution\cropmodelmks\plant_waterdriven_example\x64\release\plant_wa.913e1ff4.tlog\link.command.1.tlog
c:\users\song jim\desktop\cropmodelmks\compile solution\cropmodelmks\plant_waterdriven_example\x64\release\plant_wa.913e1ff4.tlog\link.read.1.tlog
c:\users\song jim\desktop\cropmodelmks\compile solution\cropmodelmks\plant_waterdriven_example\x64\release\plant_wa.913e1ff4.tlog\link.write.1.tlog
c:\users\song jim\desktop\cropmodelmks\compile solution\cropmodelmks\plant_waterdriven_example\x64\release\plant_wa.913e1ff4.tlog\midl.command.1.tlog
c:\users\song jim\desktop\cropmodelmks\compile solution\cropmodelmks\plant_waterdriven_example\x64\release\plant_wa.913e1ff4.tlog\midl.read.1.tlog
c:\users\song jim\desktop\cropmodelmks\compile solution\cropmodelmks\plant_waterdriven_example\x64\release\plant_wa.913e1ff4.tlog\midl.write.1.tlog
c:\users\song jim\desktop\cropmodelmks\compile solution\cropmodelmks\plant_waterdriven_example\x64\release\plant_wa.913e1ff4.tlog\plant_waterdriven_example.write.1u.tlog
c:\users\song jim\desktop\cropmodelmks\compile solution\cropmodelmks\plant_waterdriven_example\x64\release\plant_wa.913e1ff4.tlog\rc.command.1.tlog
c:\users\song jim\desktop\cropmodelmks\compile solution\cropmodelmks\plant_waterdriven_example\x64\release\plant_wa.913e1ff4.tlog\rc.read.1.tlog
c:\users\song jim\desktop\cropmodelmks\compile solution\cropmodelmks\plant_waterdriven_example\x64\release\plant_wa.913e1ff4.tlog\rc.write.1.tlog
